{"total": {"lines":{"total":280,"covered":277,"skipped":0,"pct":98.92},"statements":{"total":280,"covered":277,"skipped":0,"pct":98.92},"functions":{"total":24,"covered":23,"skipped":0,"pct":95.83},"branches":{"total":87,"covered":82,"skipped":0,"pct":94.25},"branchesTrue":{"total":0,"covered":0,"skipped":0,"pct":"Unknown"}}
,"/home/vadim/Code/acceptance-pipeline-kit/typescript/src/adapter.ts": {"lines":{"total":84,"covered":81,"skipped":0,"pct":96.42},"functions":{"total":5,"covered":4,"skipped":0,"pct":80},"statements":{"total":84,"covered":81,"skipped":0,"pct":96.42},"branches":{"total":30,"covered":27,"skipped":0,"pct":90}}
,"/home/vadim/Code/acceptance-pipeline-kit/typescript/src/generator.ts": {"lines":{"total":45,"covered":45,"skipped":0,"pct":100},"functions":{"total":3,"covered":3,"skipped":0,"pct":100},"statements":{"total":45,"covered":45,"skipped":0,"pct":100},"branches":{"total":6,"covered":6,"skipped":0,"pct":100}}
,"/home/vadim/Code/acceptance-pipeline-kit/typescript/src/ir.ts": {"lines":{"total":37,"covered":37,"skipped":0,"pct":100},"functions":{"total":4,"covered":4,"skipped":0,"pct":100},"statements":{"total":37,"covered":37,"skipped":0,"pct":100},"branches":{"total":18,"covered":16,"skipped":0,"pct":88.88}}
,"/home/vadim/Code/acceptance-pipeline-kit/typescript/src/metadata.ts": {"lines":{"total":30,"covered":30,"skipped":0,"pct":100},"functions":{"total":3,"covered":3,"skipped":0,"pct":100},"statements":{"total":30,"covered":30,"skipped":0,"pct":100},"branches":{"total":4,"covered":4,"skipped":0,"pct":100}}
,"/home/vadim/Code/acceptance-pipeline-kit/typescript/src/registry.ts": {"lines":{"total":24,"covered":24,"skipped":0,"pct":100},"functions":{"total":5,"covered":5,"skipped":0,"pct":100},"statements":{"total":24,"covered":24,"skipped":0,"pct":100},"branches":{"total":9,"covered":9,"skipped":0,"pct":100}}
,"/home/vadim/Code/acceptance-pipeline-kit/typescript/src/runtime.ts": {"lines":{"total":60,"covered":60,"skipped":0,"pct":100},"functions":{"total":4,"covered":4,"skipped":0,"pct":100},"statements":{"total":60,"covered":60,"skipped":0,"pct":100},"branches":{"total":20,"covered":20,"skipped":0,"pct":100}}
}
